0 info it worked if it ends with ok
1 verbose cli [ 'C:\\Program Files\\nodejs\\node.exe',
1 verbose cli   'C:\\Users\\goldy\\AppData\\Roaming\\npm\\node_modules\\npm\\bin\\npm-cli.js',
1 verbose cli   'start' ]
2 info using npm@3.10.10
3 info using node@v11.6.0
4 verbose run-script [ 'prestart', 'start', 'poststart' ]
5 info lifecycle project@0.1.0~prestart: project@0.1.0
6 silly lifecycle project@0.1.0~prestart: no script for prestart, continuing
7 info lifecycle project@0.1.0~start: project@0.1.0
8 verbose lifecycle project@0.1.0~start: unsafe-perm in lifecycle true
9 verbose lifecycle project@0.1.0~start: PATH: C:\Users\goldy\AppData\Roaming\npm\node_modules\npm\bin\node-gyp-bin;F:\project\node_modules\.bin;C:\Python27\;C:\Python27\Scripts;C:\WINDOWS\system32;C:\WINDOWS;C:\WINDOWS\System32\Wbem;C:\WINDOWS\System32\WindowsPowerShell\v1.0\;C:\WINDOWS\System32\OpenSSH\;C:\Program Files (x86)\NVIDIA Corporation\PhysX\Common;C:\Program Files\NVIDIA Corporation\NVIDIA NvDLISR;C:\ProgramData\chocolatey\bin;C:\Program Files\nodejs\;C:\Program Files\Java\jdk1.8.0_191\bin;C:\Users\goldy\AppData\Local\Programs\Python\Python37-32\Scripts\;C:\Users\goldy\AppData\Local\Programs\Python\Python37-32\;C:\GnuWin32\bin;C:\Program Files (x86)\mingw-w64\i686-8.1.0-posix-dwarf-rt_v6-rev0\mingw32\bin;C:\Dev-Cpp\bin;C:\Users\goldy\AppData\Local\Microsoft\WindowsApps;C:\Users\goldy\AppData\Roaming\npm;C:\Users\goldy\AppData\Local\Programs\Microsoft VS Code\bin;C:\Users\goldy\AppData\Local\Android\Sdk\platform-tools;C:\Program Files\mongodb\bin;
10 verbose lifecycle project@0.1.0~start: CWD: F:\project
11 silly lifecycle project@0.1.0~start: Args: [ '/d /s /c', 'node scripts/start.js' ]
12 silly lifecycle project@0.1.0~start: Returned: code: 3221225786  signal: null
13 info lifecycle project@0.1.0~start: Failed to exec start script
14 verbose stack Error: project@0.1.0 start: `node scripts/start.js`
14 verbose stack Exit status 3221225786
14 verbose stack     at EventEmitter.<anonymous> (C:\Users\goldy\AppData\Roaming\npm\node_modules\npm\lib\utils\lifecycle.js:255:16)
14 verbose stack     at EventEmitter.emit (events.js:188:13)
14 verbose stack     at ChildProcess.<anonymous> (C:\Users\goldy\AppData\Roaming\npm\node_modules\npm\lib\utils\spawn.js:40:14)
14 verbose stack     at ChildProcess.emit (events.js:188:13)
14 verbose stack     at maybeClose (internal/child_process.js:978:16)
14 verbose stack     at Process.ChildProcess._handle.onexit (internal/child_process.js:265:5)
15 verbose pkgid project@0.1.0
16 verbose cwd F:\project
17 error Windows_NT 10.0.17134
18 error argv "C:\\Program Files\\nodejs\\node.exe" "C:\\Users\\goldy\\AppData\\Roaming\\npm\\node_modules\\npm\\bin\\npm-cli.js" "start"
19 error node v11.6.0
20 error npm  v3.10.10
21 error code ELIFECYCLE
22 error project@0.1.0 start: `node scripts/start.js`
22 error Exit status 3221225786
23 error Failed at the project@0.1.0 start script 'node scripts/start.js'.
23 error Make sure you have the latest version of node.js and npm installed.
23 error If you do, this is most likely a problem with the project package,
23 error not with npm itself.
23 error Tell the author that this fails on your system:
23 error     node scripts/start.js
23 error You can get information on how to open an issue for this project with:
23 error     npm bugs project
23 error Or if that isn't available, you can get their info via:
23 error     npm owner ls project
23 error There is likely additional logging output above.
24 verbose exit [ 1, true ]
